<?xml version="1.0" encoding="UTF-8"?>
<testng-results skipped="0" failed="0" ignored="0" total="1" passed="1">
  <reporter-output>
  </reporter-output>
  <suite name="Default suite" duration-ms="67787" started-at="2018-08-13T09:21:17Z" finished-at="2018-08-13T09:22:25Z">
    <groups>
    </groups>
    <test name="Default test" duration-ms="67787" started-at="2018-08-13T09:21:17Z" finished-at="2018-08-13T09:22:25Z">
      <class name="portaltestcases.homepagetest">
        <test-method status="PASS" signature="setup()[pri:0, instance:portaltestcases.homepagetest@7a187f14]" name="setup" is-config="true" duration-ms="10836" started-at="2018-08-13T09:21:17Z" finished-at="2018-08-13T09:21:28Z">
          <reporter-output>
          </reporter-output>
        </test-method> <!-- setup -->
        <test-method status="PASS" signature="verifyhomepage()[pri:0, instance:portaltestcases.homepagetest@7a187f14]" name="verifyhomepage" duration-ms="51848" started-at="2018-08-13T09:21:28Z" finished-at="2018-08-13T09:22:20Z">
          <reporter-output>
          </reporter-output>
        </test-method> <!-- verifyhomepage -->
        <test-method status="PASS" signature="close()[pri:0, instance:portaltestcases.homepagetest@7a187f14]" name="close" is-config="true" duration-ms="5083" started-at="2018-08-13T09:22:20Z" finished-at="2018-08-13T09:22:25Z">
          <reporter-output>
          </reporter-output>
        </test-method> <!-- close -->
      </class> <!-- portaltestcases.homepagetest -->
    </test> <!-- Default test -->
  </suite> <!-- Default suite -->
</testng-results>
