<?xml version="1.0" encoding="UTF-8"?>
<testng-results skipped="0" failed="0" ignored="0" total="1" passed="1">
  <reporter-output>
  </reporter-output>
  <suite name="Default suite" duration-ms="16323" started-at="2018-08-11T05:33:02Z" finished-at="2018-08-11T05:33:19Z">
    <groups>
    </groups>
    <test name="Default test" duration-ms="16323" started-at="2018-08-11T05:33:02Z" finished-at="2018-08-11T05:33:19Z">
      <class name="portaltestcases.loginpagetest">
        <test-method status="PASS" signature="setup()[pri:0, instance:portaltestcases.loginpagetest@7e2d773b]" name="setup" is-config="true" duration-ms="9791" started-at="2018-08-11T05:33:02Z" finished-at="2018-08-11T05:33:12Z">
          <reporter-output>
          </reporter-output>
        </test-method> <!-- setup -->
        <test-method status="PASS" signature="user()[pri:0, instance:portaltestcases.loginpagetest@7e2d773b]" name="user" duration-ms="542" started-at="2018-08-11T05:33:12Z" finished-at="2018-08-11T05:33:13Z">
          <reporter-output>
          </reporter-output>
        </test-method> <!-- user -->
        <test-method status="PASS" signature="close()[pri:0, instance:portaltestcases.loginpagetest@7e2d773b]" name="close" is-config="true" duration-ms="5969" started-at="2018-08-11T05:33:13Z" finished-at="2018-08-11T05:33:19Z">
          <reporter-output>
          </reporter-output>
        </test-method> <!-- close -->
      </class> <!-- portaltestcases.loginpagetest -->
    </test> <!-- Default test -->
  </suite> <!-- Default suite -->
</testng-results>
